app/build/intermediates/manifest_merge_blame_file/debug/manifest-merger-blame-debug-report.txt
1<?xml version="1.0" encoding="utf-8"?>
2<manifest xmlns:android="http://schemas.android.com/apk/res/android"
3    package="com.example.nfk_project"
4    android:versionCode="1"
5    android:versionName="1.0" >
6
7    <uses-sdk
8        android:minSdkVersion="19"
8-->src\main\AndroidManifest.xml
9        android:targetSdkVersion="29" />
9-->src\main\AndroidManifest.xml
10    <!-- Needed for retrieving API -->
11    <uses-permission android:name="android.permission.INTERNET" />
11-->src\main\AndroidManifest.xml:5:5-67
11-->src\main\AndroidManifest.xml:5:22-64
12
13    <!--
14         REMOVE THIS LINE TO UNLOCK THE DEVICE
15         HOME AND BACK BUTTONS IS STILL OVERRIDE
16         IN MAIN
17    -->
18    <uses-permission android:name="android.permission.REORDER_TASKS" />
18-->src\main\AndroidManifest.xml:11:5-72
18-->src\main\AndroidManifest.xml:11:22-69
19
20    <application
20-->src\main\AndroidManifest.xml:13:5-49:19
21        android:allowBackup="true"
21-->src\main\AndroidManifest.xml:14:9-35
22        android:appComponentFactory="androidx.core.app.CoreComponentFactory"
22-->[androidx.core:core:1.2.0] AndroidManifest.xml:24:18-86
23        android:debuggable="true"
24        android:icon="@mipmap/ic_launcher"
24-->src\main\AndroidManifest.xml:15:9-43
25        android:label="@string/app_name"
25-->src\main\AndroidManifest.xml:16:9-41
26        android:roundIcon="@mipmap/ic_launcher_round"
26-->src\main\AndroidManifest.xml:17:9-54
27        android:screenOrientation="landscape"
27-->src\main\AndroidManifest.xml:18:9-46
28        android:supportsRtl="true"
28-->src\main\AndroidManifest.xml:19:9-35
29        android:testOnly="true"
30        android:theme="@style/AppTheme" >
30-->src\main\AndroidManifest.xml:20:9-40
31        <activity
31-->src\main\AndroidManifest.xml:22:9-32:20
32            android:name="com.example.nfk_project.SplashScreenActivity"
32-->src\main\AndroidManifest.xml:23:13-49
33            android:label="@string/app_name" >
33-->src\main\AndroidManifest.xml:24:13-45
34            <intent-filter>
34-->src\main\AndroidManifest.xml:25:13-30:29
35                <action android:name="android.intent.action.MAIN" />
35-->src\main\AndroidManifest.xml:26:17-68
35-->src\main\AndroidManifest.xml:26:25-66
36
37                <category android:name="android.intent.category.LAUNCHER" />
37-->src\main\AndroidManifest.xml:27:17-76
37-->src\main\AndroidManifest.xml:27:27-74
38                <category android:name="android.intent.category.HOME" />
38-->src\main\AndroidManifest.xml:28:17-72
38-->src\main\AndroidManifest.xml:28:27-70
39                <category android:name="android.intent.category.DEFAULT" />
39-->src\main\AndroidManifest.xml:29:17-75
39-->src\main\AndroidManifest.xml:29:27-73
40            </intent-filter>
41        </activity>
42        <activity
42-->src\main\AndroidManifest.xml:34:9-36:57
43            android:name="com.example.nfk_project.NavigationActivity"
43-->src\main\AndroidManifest.xml:35:13-47
44            android:parentActivityName="com.example.nfk_project.MainActivity" />
44-->src\main\AndroidManifest.xml:36:13-55
45        <activity
45-->src\main\AndroidManifest.xml:38:9-47:20
46            android:name="com.example.nfk_project.MainActivity"
46-->src\main\AndroidManifest.xml:39:13-41
47            android:label="@string/app_name" >
47-->src\main\AndroidManifest.xml:40:13-45
48
49            <!--
50            <intent-filter>
51                <category android:name="android.intent.category.HOME" />
52                <category android:name="android.intent.category.DEFAULT" />
53            </intent-filter>
54            -->
55        </activity>
56
57        <provider
57-->[androidx.lifecycle:lifecycle-process:2.2.0] AndroidManifest.xml:25:9-29:43
58            android:name="androidx.lifecycle.ProcessLifecycleOwnerInitializer"
58-->[androidx.lifecycle:lifecycle-process:2.2.0] AndroidManifest.xml:26:13-79
59            android:authorities="com.example.nfk_project.lifecycle-process"
59-->[androidx.lifecycle:lifecycle-process:2.2.0] AndroidManifest.xml:27:13-69
60            android:exported="false"
60-->[androidx.lifecycle:lifecycle-process:2.2.0] AndroidManifest.xml:28:13-37
61            android:multiprocess="true" />
61-->[androidx.lifecycle:lifecycle-process:2.2.0] AndroidManifest.xml:29:13-40
62    </application>
63
64</manifest>